This file contains any messages produced by compilers while
running configure, to aid debugging if configure makes a mistake.

It was created by configure, which was
generated by GNU Autoconf 2.69.  Invocation command line was

  $ ./configure 

## --------- ##
## Platform. ##
## --------- ##

hostname = ubuntu
uname -m = i686
uname -r = 3.13.0-24-generic
uname -s = Linux
uname -v = #46-Ubuntu SMP Thu Apr 10 19:08:14 UTC 2014

/usr/bin/uname -p = unknown
/bin/uname -X     = unknown

/bin/arch              = unknown
/usr/bin/arch -k       = unknown
/usr/convex/getsysinfo = unknown
/usr/bin/hostinfo      = unknown
/bin/machine           = unknown
/usr/bin/oslevel       = unknown
/bin/universe          = unknown

PATH: /usr/local/sbin
PATH: /usr/local/bin
PATH: /usr/sbin
PATH: /usr/bin
PATH: /sbin
PATH: /bin
PATH: /usr/games
PATH: /usr/local/games


## ----------- ##
## Core tests. ##
## ----------- ##

configure:2133: checking build system type
configure:2147: result: i686-pc-linux-gnu
configure:2167: checking host system type
configure:2180: result: i686-pc-linux-gnu
configure:2263: checking for gcc
configure:2279: found /usr/bin/gcc
configure:2290: result: gcc
configure:2519: checking for C compiler version
configure:2528: gcc --version >&5
gcc (Ubuntu 4.8.2-19ubuntu1) 4.8.2
Copyright (C) 2013 Free Software Foundation, Inc.
This is free software; see the source for copying conditions.  There is NO
warranty; not even for MERCHANTABILITY or FITNESS FOR A PARTICULAR PURPOSE.

configure:2539: $? = 0
configure:2528: gcc -v >&5
Using built-in specs.
COLLECT_GCC=gcc
COLLECT_LTO_WRAPPER=/usr/lib/gcc/i686-linux-gnu/4.8/lto-wrapper
Target: i686-linux-gnu
Configured with: ../src/configure -v --with-pkgversion='Ubuntu 4.8.2-19ubuntu1' --with-bugurl=file:///usr/share/doc/gcc-4.8/README.Bugs --enable-languages=c,c++,java,go,d,fortran,objc,obj-c++ --prefix=/usr --program-suffix=-4.8 --enable-shared --enable-linker-build-id --libexecdir=/usr/lib --without-included-gettext --enable-threads=posix --with-gxx-include-dir=/usr/include/c++/4.8 --libdir=/usr/lib --enable-nls --with-sysroot=/ --enable-clocale=gnu --enable-libstdcxx-debug --enable-libstdcxx-time=yes --enable-gnu-unique-object --disable-libmudflap --enable-plugin --with-system-zlib --disable-browser-plugin --enable-java-awt=gtk --enable-gtk-cairo --with-java-home=/usr/lib/jvm/java-1.5.0-gcj-4.8-i386/jre --enable-java-home --with-jvm-root-dir=/usr/lib/jvm/java-1.5.0-gcj-4.8-i386 --with-jvm-jar-dir=/usr/lib/jvm-exports/java-1.5.0-gcj-4.8-i386 --with-arch-directory=i386 --with-ecj-jar=/usr/share/java/eclipse-ecj.jar --enable-objc-gc --enable-targets=all --enable-multiarch --disable-werror --with-arch-32=i686 --with-multilib-list=m32,m64,mx32 --with-tune=generic --enable-checking=release --build=i686-linux-gnu --host=i686-linux-gnu --target=i686-linux-gnu
Thread model: posix
gcc version 4.8.2 (Ubuntu 4.8.2-19ubuntu1) 
configure:2539: $? = 0
configure:2528: gcc -V >&5
gcc: error: unrecognized command line option '-V'
gcc: fatal error: no input files
compilation terminated.
configure:2539: $? = 4
configure:2528: gcc -qversion >&5
gcc: error: unrecognized command line option '-qversion'
gcc: fatal error: no input files
compilation terminated.
configure:2539: $? = 4
configure:2559: checking whether the C compiler works
configure:2581: gcc    conftest.c  >&5
configure:2585: $? = 0
configure:2633: result: yes
configure:2636: checking for C compiler default output file name
configure:2638: result: a.out
configure:2644: checking for suffix of executables
configure:2651: gcc -o conftest    conftest.c  >&5
configure:2655: $? = 0
configure:2677: result: 
configure:2699: checking whether we are cross compiling
configure:2707: gcc -o conftest    conftest.c  >&5
configure:2711: $? = 0
configure:2718: ./conftest
configure:2722: $? = 0
configure:2737: result: no
configure:2742: checking for suffix of object files
configure:2764: gcc -c   conftest.c >&5
configure:2768: $? = 0
configure:2789: result: o
configure:2793: checking whether we are using the GNU C compiler
configure:2812: gcc -c   conftest.c >&5
configure:2812: $? = 0
configure:2821: result: yes
configure:2830: checking whether gcc accepts -g
configure:2850: gcc -c -g  conftest.c >&5
configure:2850: $? = 0
configure:2891: result: yes
configure:2908: checking for gcc option to accept ISO C89
configure:2971: gcc  -c -g -O2  conftest.c >&5
configure:2971: $? = 0
configure:2984: result: none needed
configure:3047: checking for ranlib
configure:3063: found /usr/bin/ranlib
configure:3074: result: ranlib
configure:3098: checking for pthread_create in -lpthread
configure:3123: gcc -o conftest -g -O2   conftest.c -lpthread   >&5
configure:3123: $? = 0
configure:3132: result: yes
configure:3196: checking for t_open in -lnsl
configure:3221: gcc -o conftest -g -O2 -D_REENTRANT   conftest.c -lnsl  -lpthread  >&5
/tmp/ccNh8YUe.o: In function `main':
/staging/socket/unpv12e/conftest.c:22: undefined reference to `t_open'
collect2: error: ld returned 1 exit status
configure:3221: $? = 1
configure: failed program was:
| /* confdefs.h */
| #define PACKAGE_NAME ""
| #define PACKAGE_TARNAME ""
| #define PACKAGE_VERSION ""
| #define PACKAGE_STRING ""
| #define PACKAGE_BUGREPORT ""
| #define PACKAGE_URL ""
| #define CPU_VENDOR_OS "i686-pc-linux-gnu"
| #define HAVE_LIBPTHREAD 1
| /* end confdefs.h.  */
| 
| /* Override any GCC internal prototype to avoid an error.
|    Use char because int might match the return type of a GCC
|    builtin and then its argument prototype would still apply.  */
| #ifdef __cplusplus
| extern "C"
| #endif
| char t_open ();
| int
| main ()
| {
| return t_open ();
|   ;
|   return 0;
| }
configure:3230: result: no
configure:3241: checking for socket in -lsocket
configure:3266: gcc -o conftest -g -O2 -D_REENTRANT   conftest.c -lsocket  -lpthread  >&5
/usr/bin/ld: cannot find -lsocket
collect2: error: ld returned 1 exit status
configure:3266: $? = 1
configure: failed program was:
| /* confdefs.h */
| #define PACKAGE_NAME ""
| #define PACKAGE_TARNAME ""
| #define PACKAGE_VERSION ""
| #define PACKAGE_STRING ""
| #define PACKAGE_BUGREPORT ""
| #define PACKAGE_URL ""
| #define CPU_VENDOR_OS "i686-pc-linux-gnu"
| #define HAVE_LIBPTHREAD 1
| /* end confdefs.h.  */
| 
| /* Override any GCC internal prototype to avoid an error.
|    Use char because int might match the return type of a GCC
|    builtin and then its argument prototype would still apply.  */
| #ifdef __cplusplus
| extern "C"
| #endif
| char socket ();
| int
| main ()
| {
| return socket ();
|   ;
|   return 0;
| }
configure:3275: result: no
configure:3287: checking for /usr/local/bind/lib/libbind.a
configure:3294: result: no
configure:3296: checking for /root/libbind.a
configure:3303: result: no
configure:3305: checking for /root/libresolv.a
configure:3312: result: no
configure:3314: checking for res_init in -lresolv
configure:3339: gcc -o conftest -g -O2 -D_REENTRANT   conftest.c -lresolv  -lpthread  >&5
/tmp/ccYBCJgq.o: In function `main':
/staging/socket/unpv12e/conftest.c:22: undefined reference to `res_init'
collect2: error: ld returned 1 exit status
configure:3339: $? = 1
configure: failed program was:
| /* confdefs.h */
| #define PACKAGE_NAME ""
| #define PACKAGE_TARNAME ""
| #define PACKAGE_VERSION ""
| #define PACKAGE_STRING ""
| #define PACKAGE_BUGREPORT ""
| #define PACKAGE_URL ""
| #define CPU_VENDOR_OS "i686-pc-linux-gnu"
| #define HAVE_LIBPTHREAD 1
| /* end confdefs.h.  */
| 
| /* Override any GCC internal prototype to avoid an error.
|    Use char because int might match the return type of a GCC
|    builtin and then its argument prototype would still apply.  */
| #ifdef __cplusplus
| extern "C"
| #endif
| char res_init ();
| int
| main ()
| {
| return res_init ();
|   ;
|   return 0;
| }
configure:3348: result: no
configure:3363: checking for t_open in -lxti
configure:3388: gcc -o conftest -g -O2 -D_REENTRANT   conftest.c -lxti  -lpthread  >&5
/usr/bin/ld: cannot find -lxti
collect2: error: ld returned 1 exit status
configure:3388: $? = 1
configure: failed program was:
| /* confdefs.h */
| #define PACKAGE_NAME ""
| #define PACKAGE_TARNAME ""
| #define PACKAGE_VERSION ""
| #define PACKAGE_STRING ""
| #define PACKAGE_BUGREPORT ""
| #define PACKAGE_URL ""
| #define CPU_VENDOR_OS "i686-pc-linux-gnu"
| #define HAVE_LIBPTHREAD 1
| /* end confdefs.h.  */
| 
| /* Override any GCC internal prototype to avoid an error.
|    Use char because int might match the return type of a GCC
|    builtin and then its argument prototype would still apply.  */
| #ifdef __cplusplus
| extern "C"
| #endif
| char t_open ();
| int
| main ()
| {
| return t_open ();
|   ;
|   return 0;
| }
configure:3397: result: no
configure:3409: checking for /root/libunp.a
configure:3417: result: no
configure:3423: checking for /root/libunpxti.a
configure:3431: result: no
configure:3442: checking how to run the C preprocessor
configure:3473: gcc -E  conftest.c
configure:3473: $? = 0
configure:3487: gcc -E  conftest.c
conftest.c:11:28: fatal error: ac_nonexistent.h: No such file or directory
 #include <ac_nonexistent.h>
                            ^
compilation terminated.
configure:3487: $? = 1
configure: failed program was:
| /* confdefs.h */
| #define PACKAGE_NAME ""
| #define PACKAGE_TARNAME ""
| #define PACKAGE_VERSION ""
| #define PACKAGE_STRING ""
| #define PACKAGE_BUGREPORT ""
| #define PACKAGE_URL ""
| #define CPU_VENDOR_OS "i686-pc-linux-gnu"
| #define HAVE_LIBPTHREAD 1
| /* end confdefs.h.  */
| #include <ac_nonexistent.h>
configure:3512: result: gcc -E
configure:3532: gcc -E  conftest.c
configure:3532: $? = 0
configure:3546: gcc -E  conftest.c
conftest.c:11:28: fatal error: ac_nonexistent.h: No such file or directory
 #include <ac_nonexistent.h>
                            ^
compilation terminated.
configure:3546: $? = 1
configure: failed program was:
| /* confdefs.h */
| #define PACKAGE_NAME ""
| #define PACKAGE_TARNAME ""
| #define PACKAGE_VERSION ""
| #define PACKAGE_STRING ""
| #define PACKAGE_BUGREPORT ""
| #define PACKAGE_URL ""
| #define CPU_VENDOR_OS "i686-pc-linux-gnu"
| #define HAVE_LIBPTHREAD 1
| /* end confdefs.h.  */
| #include <ac_nonexistent.h>
configure:3575: checking for grep that handles long lines and -e
configure:3633: result: /bin/grep
configure:3638: checking for egrep
configure:3700: result: /bin/grep -E
configure:3705: checking for ANSI C header files
configure:3725: gcc -c -g -O2 -D_REENTRANT  conftest.c >&5
configure:3725: $? = 0
configure:3798: gcc -o conftest -g -O2 -D_REENTRANT   conftest.c -lpthread  >&5
configure:3798: $? = 0
configure:3798: ./conftest
configure:3798: $? = 0
configure:3809: result: yes
configure:3822: checking for sys/types.h
configure:3822: gcc -c -g -O2 -D_REENTRANT  conftest.c >&5
configure:3822: $? = 0
configure:3822: result: yes
configure:3822: checking for sys/stat.h
configure:3822: gcc -c -g -O2 -D_REENTRANT  conftest.c >&5
configure:3822: $? = 0
configure:3822: result: yes
configure:3822: checking for stdlib.h
configure:3822: gcc -c -g -O2 -D_REENTRANT  conftest.c >&5
configure:3822: $? = 0
configure:3822: result: yes
configure:3822: checking for string.h
configure:3822: gcc -c -g -O2 -D_REENTRANT  conftest.c >&5
configure:3822: $? = 0
configure:3822: result: yes
configure:3822: checking for memory.h
configure:3822: gcc -c -g -O2 -D_REENTRANT  conftest.c >&5
configure:3822: $? = 0
configure:3822: result: yes
configure:3822: checking for strings.h
configure:3822: gcc -c -g -O2 -D_REENTRANT  conftest.c >&5
configure:3822: $? = 0
configure:3822: result: yes
configure:3822: checking for inttypes.h
configure:3822: gcc -c -g -O2 -D_REENTRANT  conftest.c >&5
configure:3822: $? = 0
configure:3822: result: yes
configure:3822: checking for stdint.h
configure:3822: gcc -c -g -O2 -D_REENTRANT  conftest.c >&5
configure:3822: $? = 0
configure:3822: result: yes
configure:3822: checking for unistd.h
configure:3822: gcc -c -g -O2 -D_REENTRANT  conftest.c >&5
configure:3822: $? = 0
configure:3822: result: yes
configure:3837: checking for sys/types.h
configure:3837: result: yes
configure:3837: checking sys/socket.h usability
configure:3837: gcc -c -g -O2 -D_REENTRANT  conftest.c >&5
configure:3837: $? = 0
configure:3837: result: yes
configure:3837: checking sys/socket.h presence
configure:3837: gcc -E  conftest.c
configure:3837: $? = 0
configure:3837: result: yes
configure:3837: checking for sys/socket.h
configure:3837: result: yes
configure:3837: checking sys/time.h usability
configure:3837: gcc -c -g -O2 -D_REENTRANT  conftest.c >&5
configure:3837: $? = 0
configure:3837: result: yes
configure:3837: checking sys/time.h presence
configure:3837: gcc -E  conftest.c
configure:3837: $? = 0
configure:3837: result: yes
configure:3837: checking for sys/time.h
configure:3837: result: yes
configure:3837: checking time.h usability
configure:3837: gcc -c -g -O2 -D_REENTRANT  conftest.c >&5
configure:3837: $? = 0
configure:3837: result: yes
configure:3837: checking time.h presence
configure:3837: gcc -E  conftest.c
configure:3837: $? = 0
configure:3837: result: yes
configure:3837: checking for time.h
configure:3837: result: yes
configure:3837: checking netinet/in.h usability
configure:3837: gcc -c -g -O2 -D_REENTRANT  conftest.c >&5
configure:3837: $? = 0
configure:3837: result: yes
configure:3837: checking netinet/in.h presence
configure:3837: gcc -E  conftest.c
configure:3837: $? = 0
configure:3837: result: yes
configure:3837: checking for netinet/in.h
configure:3837: result: yes
configure:3837: checking arpa/inet.h usability
configure:3837: gcc -c -g -O2 -D_REENTRANT  conftest.c >&5
configure:3837: $? = 0
configure:3837: result: yes
configure:3837: checking arpa/inet.h presence
configure:3837: gcc -E  conftest.c
configure:3837: $? = 0
configure:3837: result: yes
configure:3837: checking for arpa/inet.h
configure:3837: result: yes
configure:3837: checking errno.h usability
configure:3837: gcc -c -g -O2 -D_REENTRANT  conftest.c >&5
configure:3837: $? = 0
configure:3837: result: yes
configure:3837: checking errno.h presence
configure:3837: gcc -E  conftest.c
configure:3837: $? = 0
configure:3837: result: yes
configure:3837: checking for errno.h
configure:3837: result: yes
configure:3837: checking fcntl.h usability
configure:3837: gcc -c -g -O2 -D_REENTRANT  conftest.c >&5
configure:3837: $? = 0
configure:3837: result: yes
configure:3837: checking fcntl.h presence
configure:3837: gcc -E  conftest.c
configure:3837: $? = 0
configure:3837: result: yes
configure:3837: checking for fcntl.h
configure:3837: result: yes
configure:3837: checking netdb.h usability
configure:3837: gcc -c -g -O2 -D_REENTRANT  conftest.c >&5
configure:3837: $? = 0
configure:3837: result: yes
configure:3837: checking netdb.h presence
configure:3837: gcc -E  conftest.c
configure:3837: $? = 0
configure:3837: result: yes
configure:3837: checking for netdb.h
configure:3837: result: yes
configure:3837: checking signal.h usability
configure:3837: gcc -c -g -O2 -D_REENTRANT  conftest.c >&5
configure:3837: $? = 0
configure:3837: result: yes
configure:3837: checking signal.h presence
configure:3837: gcc -E  conftest.c
configure:3837: $? = 0
configure:3837: result: yes
configure:3837: checking for signal.h
configure:3837: result: yes
configure:3837: checking stdio.h usability
configure:3837: gcc -c -g -O2 -D_REENTRANT  conftest.c >&5
configure:3837: $? = 0
configure:3837: result: yes
configure:3837: checking stdio.h presence
configure:3837: gcc -E  conftest.c
configure:3837: $? = 0
configure:3837: result: yes
configure:3837: checking for stdio.h
configure:3837: result: yes
configure:3837: checking for stdlib.h
configure:3837: result: yes
configure:3837: checking for string.h
configure:3837: result: yes
configure:3837: checking for sys/stat.h
configure:3837: result: yes
configure:3837: checking sys/uio.h usability
configure:3837: gcc -c -g -O2 -D_REENTRANT  conftest.c >&5
configure:3837: $? = 0
configure:3837: result: yes
configure:3837: checking sys/uio.h presence
configure:3837: gcc -E  conftest.c
configure:3837: $? = 0
configure:3837: result: yes
configure:3837: checking for sys/uio.h
configure:3837: result: yes
configure:3837: checking for unistd.h
configure:3837: result: yes
configure:3837: checking sys/wait.h usability
configure:3837: gcc -c -g -O2 -D_REENTRANT  conftest.c >&5
configure:3837: $? = 0
configure:3837: result: yes
configure:3837: checking sys/wait.h presence
configure:3837: gcc -E  conftest.c
configure:3837: $? = 0
configure:3837: result: yes
configure:3837: checking for sys/wait.h
configure:3837: result: yes
configure:3837: checking sys/un.h usability
configure:3837: gcc -c -g -O2 -D_REENTRANT  conftest.c >&5
configure:3837: $? = 0
configure:3837: result: yes
configure:3837: checking sys/un.h presence
configure:3837: gcc -E  conftest.c
configure:3837: $? = 0
configure:3837: result: yes
configure:3837: checking for sys/un.h
configure:3837: result: yes
configure:3837: checking sys/select.h usability
configure:3837: gcc -c -g -O2 -D_REENTRANT  conftest.c >&5
configure:3837: $? = 0
configure:3837: result: yes
configure:3837: checking sys/select.h presence
configure:3837: gcc -E  conftest.c
configure:3837: $? = 0
configure:3837: result: yes
configure:3837: checking for sys/select.h
configure:3837: result: yes
configure:3837: checking poll.h usability
configure:3837: gcc -c -g -O2 -D_REENTRANT  conftest.c >&5
configure:3837: $? = 0
configure:3837: result: yes
configure:3837: checking poll.h presence
configure:3837: gcc -E  conftest.c
configure:3837: $? = 0
configure:3837: result: yes
configure:3837: checking for poll.h
configure:3837: result: yes
configure:3837: checking for strings.h
configure:3837: result: yes
configure:3837: checking sys/ioctl.h usability
configure:3837: gcc -c -g -O2 -D_REENTRANT  conftest.c >&5
configure:3837: $? = 0
configure:3837: result: yes
configure:3837: checking sys/ioctl.h presence
configure:3837: gcc -E  conftest.c
configure:3837: $? = 0
configure:3837: result: yes
configure:3837: checking for sys/ioctl.h
configure:3837: result: yes
configure:3837: checking sys/filio.h usability
configure:3837: gcc -c -g -O2 -D_REENTRANT  conftest.c >&5
conftest.c:76:23: fatal error: sys/filio.h: No such file or directory
 #include <sys/filio.h>
                       ^
compilation terminated.
configure:3837: $? = 1
configure: failed program was:
| /* confdefs.h */
| #define PACKAGE_NAME ""
| #define PACKAGE_TARNAME ""
| #define PACKAGE_VERSION ""
| #define PACKAGE_STRING ""
| #define PACKAGE_BUGREPORT ""
| #define PACKAGE_URL ""
| #define CPU_VENDOR_OS "i686-pc-linux-gnu"
| #define HAVE_LIBPTHREAD 1
| #define STDC_HEADERS 1
| #define HAVE_SYS_TYPES_H 1
| #define HAVE_SYS_STAT_H 1
| #define HAVE_STDLIB_H 1
| #define HAVE_STRING_H 1
| #define HAVE_MEMORY_H 1
| #define HAVE_STRINGS_H 1
| #define HAVE_INTTYPES_H 1
| #define HAVE_STDINT_H 1
| #define HAVE_UNISTD_H 1
| #define HAVE_SYS_TYPES_H 1
| #define HAVE_SYS_SOCKET_H 1
| #define HAVE_SYS_TIME_H 1
| #define HAVE_TIME_H 1
| #define HAVE_NETINET_IN_H 1
| #define HAVE_ARPA_INET_H 1
| #define HAVE_ERRNO_H 1
| #define HAVE_FCNTL_H 1
| #define HAVE_NETDB_H 1
| #define HAVE_SIGNAL_H 1
| #define HAVE_STDIO_H 1
| #define HAVE_STDLIB_H 1
| #define HAVE_STRING_H 1
| #define HAVE_SYS_STAT_H 1
| #define HAVE_SYS_UIO_H 1
| #define HAVE_UNISTD_H 1
| #define HAVE_SYS_WAIT_H 1
| #define HAVE_SYS_UN_H 1
| #define HAVE_SYS_SELECT_H 1
| #define HAVE_POLL_H 1
| #define HAVE_STRINGS_H 1
| #define HAVE_SYS_IOCTL_H 1
| /* end confdefs.h.  */
| #include <stdio.h>
| #ifdef HAVE_SYS_TYPES_H
| # include <sys/types.h>
| #endif
| #ifdef HAVE_SYS_STAT_H
| # include <sys/stat.h>
| #endif
| #ifdef STDC_HEADERS
| # include <stdlib.h>
| # include <stddef.h>
| #else
| # ifdef HAVE_STDLIB_H
| #  include <stdlib.h>
| # endif
| #endif
| #ifdef HAVE_STRING_H
| # if !defined STDC_HEADERS && defined HAVE_MEMORY_H
| #  include <memory.h>
| # endif
| # include <string.h>
| #endif
| #ifdef HAVE_STRINGS_H
| # include <strings.h>
| #endif
| #ifdef HAVE_INTTYPES_H
| # include <inttypes.h>
| #endif
| #ifdef HAVE_STDINT_H
| # include <stdint.h>
| #endif
| #ifdef HAVE_UNISTD_H
| # include <unistd.h>
| #endif
| #include <sys/filio.h>
configure:3837: result: no
configure:3837: checking sys/filio.h presence
configure:3837: gcc -E  conftest.c
conftest.c:43:23: fatal error: sys/filio.h: No such file or directory
 #include <sys/filio.h>
                       ^
compilation terminated.
configure:3837: $? = 1
configure: failed program was:
| /* confdefs.h */
| #define PACKAGE_NAME ""
| #define PACKAGE_TARNAME ""
| #define PACKAGE_VERSION ""
| #define PACKAGE_STRING ""
| #define PACKAGE_BUGREPORT ""
| #define PACKAGE_URL ""
| #define CPU_VENDOR_OS "i686-pc-linux-gnu"
| #define HAVE_LIBPTHREAD 1
| #define STDC_HEADERS 1
| #define HAVE_SYS_TYPES_H 1
| #define HAVE_SYS_STAT_H 1
| #define HAVE_STDLIB_H 1
| #define HAVE_STRING_H 1
| #define HAVE_MEMORY_H 1
| #define HAVE_STRINGS_H 1
| #define HAVE_INTTYPES_H 1
| #define HAVE_STDINT_H 1
| #define HAVE_UNISTD_H 1
| #define HAVE_SYS_TYPES_H 1
| #define HAVE_SYS_SOCKET_H 1
| #define HAVE_SYS_TIME_H 1
| #define HAVE_TIME_H 1
| #define HAVE_NETINET_IN_H 1
| #define HAVE_ARPA_INET_H 1
| #define HAVE_ERRNO_H 1
| #define HAVE_FCNTL_H 1
| #define HAVE_NETDB_H 1
| #define HAVE_SIGNAL_H 1
| #define HAVE_STDIO_H 1
| #define HAVE_STDLIB_H 1
| #define HAVE_STRING_H 1
| #define HAVE_SYS_STAT_H 1
| #define HAVE_SYS_UIO_H 1
| #define HAVE_UNISTD_H 1
| #define HAVE_SYS_WAIT_H 1
| #define HAVE_SYS_UN_H 1
| #define HAVE_SYS_SELECT_H 1
| #define HAVE_POLL_H 1
| #define HAVE_STRINGS_H 1
| #define HAVE_SYS_IOCTL_H 1
| /* end confdefs.h.  */
| #include <sys/filio.h>
configure:3837: result: no
configure:3837: checking for sys/filio.h
configure:3837: result: no
configure:3837: checking sys/sockio.h usability
configure:3837: gcc -c -g -O2 -D_REENTRANT  conftest.c >&5
conftest.c:76:24: fatal error: sys/sockio.h: No such file or directory
 #include <sys/sockio.h>
                        ^
compilation terminated.
configure:3837: $? = 1
configure: failed program was:
| /* confdefs.h */
| #define PACKAGE_NAME ""
| #define PACKAGE_TARNAME ""
| #define PACKAGE_VERSION ""
| #define PACKAGE_STRING ""
| #define PACKAGE_BUGREPORT ""
| #define PACKAGE_URL ""
| #define CPU_VENDOR_OS "i686-pc-linux-gnu"
| #define HAVE_LIBPTHREAD 1
| #define STDC_HEADERS 1
| #define HAVE_SYS_TYPES_H 1
| #define HAVE_SYS_STAT_H 1
| #define HAVE_STDLIB_H 1
| #define HAVE_STRING_H 1
| #define HAVE_MEMORY_H 1
| #define HAVE_STRINGS_H 1
| #define HAVE_INTTYPES_H 1
| #define HAVE_STDINT_H 1
| #define HAVE_UNISTD_H 1
| #define HAVE_SYS_TYPES_H 1
| #define HAVE_SYS_SOCKET_H 1
| #define HAVE_SYS_TIME_H 1
| #define HAVE_TIME_H 1
| #define HAVE_NETINET_IN_H 1
| #define HAVE_ARPA_INET_H 1
| #define HAVE_ERRNO_H 1
| #define HAVE_FCNTL_H 1
| #define HAVE_NETDB_H 1
| #define HAVE_SIGNAL_H 1
| #define HAVE_STDIO_H 1
| #define HAVE_STDLIB_H 1
| #define HAVE_STRING_H 1
| #define HAVE_SYS_STAT_H 1
| #define HAVE_SYS_UIO_H 1
| #define HAVE_UNISTD_H 1
| #define HAVE_SYS_WAIT_H 1
| #define HAVE_SYS_UN_H 1
| #define HAVE_SYS_SELECT_H 1
| #define HAVE_POLL_H 1
| #define HAVE_STRINGS_H 1
| #define HAVE_SYS_IOCTL_H 1
| /* end confdefs.h.  */
| #include <stdio.h>
| #ifdef HAVE_SYS_TYPES_H
| # include <sys/types.h>
| #endif
| #ifdef HAVE_SYS_STAT_H
| # include <sys/stat.h>
| #endif
| #ifdef STDC_HEADERS
| # include <stdlib.h>
| # include <stddef.h>
| #else
| # ifdef HAVE_STDLIB_H
| #  include <stdlib.h>
| # endif
| #endif
| #ifdef HAVE_STRING_H
| # if !defined STDC_HEADERS && defined HAVE_MEMORY_H
| #  include <memory.h>
| # endif
| # include <string.h>
| #endif
| #ifdef HAVE_STRINGS_H
| # include <strings.h>
| #endif
| #ifdef HAVE_INTTYPES_H
| # include <inttypes.h>
| #endif
| #ifdef HAVE_STDINT_H
| # include <stdint.h>
| #endif
| #ifdef HAVE_UNISTD_H
| # include <unistd.h>
| #endif
| #include <sys/sockio.h>
configure:3837: result: no
configure:3837: checking sys/sockio.h presence
configure:3837: gcc -E  conftest.c
conftest.c:43:24: fatal error: sys/sockio.h: No such file or directory
 #include <sys/sockio.h>
                        ^
compilation terminated.
configure:3837: $? = 1
configure: failed program was:
| /* confdefs.h */
| #define PACKAGE_NAME ""
| #define PACKAGE_TARNAME ""
| #define PACKAGE_VERSION ""
| #define PACKAGE_STRING ""
| #define PACKAGE_BUGREPORT ""
| #define PACKAGE_URL ""
| #define CPU_VENDOR_OS "i686-pc-linux-gnu"
| #define HAVE_LIBPTHREAD 1
| #define STDC_HEADERS 1
| #define HAVE_SYS_TYPES_H 1
| #define HAVE_SYS_STAT_H 1
| #define HAVE_STDLIB_H 1
| #define HAVE_STRING_H 1
| #define HAVE_MEMORY_H 1
| #define HAVE_STRINGS_H 1
| #define HAVE_INTTYPES_H 1
| #define HAVE_STDINT_H 1
| #define HAVE_UNISTD_H 1
| #define HAVE_SYS_TYPES_H 1
| #define HAVE_SYS_SOCKET_H 1
| #define HAVE_SYS_TIME_H 1
| #define HAVE_TIME_H 1
| #define HAVE_NETINET_IN_H 1
| #define HAVE_ARPA_INET_H 1
| #define HAVE_ERRNO_H 1
| #define HAVE_FCNTL_H 1
| #define HAVE_NETDB_H 1
| #define HAVE_SIGNAL_H 1
| #define HAVE_STDIO_H 1
| #define HAVE_STDLIB_H 1
| #define HAVE_STRING_H 1
| #define HAVE_SYS_STAT_H 1
| #define HAVE_SYS_UIO_H 1
| #define HAVE_UNISTD_H 1
| #define HAVE_SYS_WAIT_H 1
| #define HAVE_SYS_UN_H 1
| #define HAVE_SYS_SELECT_H 1
| #define HAVE_POLL_H 1
| #define HAVE_STRINGS_H 1
| #define HAVE_SYS_IOCTL_H 1
| /* end confdefs.h.  */
| #include <sys/sockio.h>
configure:3837: result: no
configure:3837: checking for sys/sockio.h
configure:3837: result: no
configure:3837: checking pthread.h usability
configure:3837: gcc -c -g -O2 -D_REENTRANT  conftest.c >&5
configure:3837: $? = 0
configure:3837: result: yes
configure:3837: checking pthread.h presence
configure:3837: gcc -E  conftest.c
configure:3837: $? = 0
configure:3837: result: yes
configure:3837: checking for pthread.h
configure:3837: result: yes
configure:3837: checking sys/sysctl.h usability
configure:3837: gcc -c -g -O2 -D_REENTRANT  conftest.c >&5
configure:3837: $? = 0
configure:3837: result: yes
configure:3837: checking sys/sysctl.h presence
configure:3837: gcc -E  conftest.c
configure:3837: $? = 0
configure:3837: result: yes
configure:3837: checking for sys/sysctl.h
configure:3837: result: yes
configure:3837: checking for poll.h
configure:3837: result: yes
configure:3837: checking xti.h usability
configure:3837: gcc -c -g -O2 -D_REENTRANT  conftest.c >&5
conftest.c:79:17: fatal error: xti.h: No such file or directory
 #include <xti.h>
                 ^
compilation terminated.
configure:3837: $? = 1
configure: failed program was:
| /* confdefs.h */
| #define PACKAGE_NAME ""
| #define PACKAGE_TARNAME ""
| #define PACKAGE_VERSION ""
| #define PACKAGE_STRING ""
| #define PACKAGE_BUGREPORT ""
| #define PACKAGE_URL ""
| #define CPU_VENDOR_OS "i686-pc-linux-gnu"
| #define HAVE_LIBPTHREAD 1
| #define STDC_HEADERS 1
| #define HAVE_SYS_TYPES_H 1
| #define HAVE_SYS_STAT_H 1
| #define HAVE_STDLIB_H 1
| #define HAVE_STRING_H 1
| #define HAVE_MEMORY_H 1
| #define HAVE_STRINGS_H 1
| #define HAVE_INTTYPES_H 1
| #define HAVE_STDINT_H 1
| #define HAVE_UNISTD_H 1
| #define HAVE_SYS_TYPES_H 1
| #define HAVE_SYS_SOCKET_H 1
| #define HAVE_SYS_TIME_H 1
| #define HAVE_TIME_H 1
| #define HAVE_NETINET_IN_H 1
| #define HAVE_ARPA_INET_H 1
| #define HAVE_ERRNO_H 1
| #define HAVE_FCNTL_H 1
| #define HAVE_NETDB_H 1
| #define HAVE_SIGNAL_H 1
| #define HAVE_STDIO_H 1
| #define HAVE_STDLIB_H 1
| #define HAVE_STRING_H 1
| #define HAVE_SYS_STAT_H 1
| #define HAVE_SYS_UIO_H 1
| #define HAVE_UNISTD_H 1
| #define HAVE_SYS_WAIT_H 1
| #define HAVE_SYS_UN_H 1
| #define HAVE_SYS_SELECT_H 1
| #define HAVE_POLL_H 1
| #define HAVE_STRINGS_H 1
| #define HAVE_SYS_IOCTL_H 1
| #define HAVE_PTHREAD_H 1
| #define HAVE_SYS_SYSCTL_H 1
| #define HAVE_POLL_H 1
| /* end confdefs.h.  */
| #include <stdio.h>
| #ifdef HAVE_SYS_TYPES_H
| # include <sys/types.h>
| #endif
| #ifdef HAVE_SYS_STAT_H
| # include <sys/stat.h>
| #endif
| #ifdef STDC_HEADERS
| # include <stdlib.h>
| # include <stddef.h>
| #else
| # ifdef HAVE_STDLIB_H
| #  include <stdlib.h>
| # endif
| #endif
| #ifdef HAVE_STRING_H
| # if !defined STDC_HEADERS && defined HAVE_MEMORY_H
| #  include <memory.h>
| # endif
| # include <string.h>
| #endif
| #ifdef HAVE_STRINGS_H
| # include <strings.h>
| #endif
| #ifdef HAVE_INTTYPES_H
| # include <inttypes.h>
| #endif
| #ifdef HAVE_STDINT_H
| # include <stdint.h>
| #endif
| #ifdef HAVE_UNISTD_H
| # include <unistd.h>
| #endif
| #include <xti.h>
configure:3837: result: no
configure:3837: checking xti.h presence
configure:3837: gcc -E  conftest.c
conftest.c:46:17: fatal error: xti.h: No such file or directory
 #include <xti.h>
                 ^
compilation terminated.
configure:3837: $? = 1
configure: failed program was:
| /* confdefs.h */
| #define PACKAGE_NAME ""
| #define PACKAGE_TARNAME ""
| #define PACKAGE_VERSION ""
| #define PACKAGE_STRING ""
| #define PACKAGE_BUGREPORT ""
| #define PACKAGE_URL ""
| #define CPU_VENDOR_OS "i686-pc-linux-gnu"
| #define HAVE_LIBPTHREAD 1
| #define STDC_HEADERS 1
| #define HAVE_SYS_TYPES_H 1
| #define HAVE_SYS_STAT_H 1
| #define HAVE_STDLIB_H 1
| #define HAVE_STRING_H 1
| #define HAVE_MEMORY_H 1
| #define HAVE_STRINGS_H 1
| #define HAVE_INTTYPES_H 1
| #define HAVE_STDINT_H 1
| #define HAVE_UNISTD_H 1
| #define HAVE_SYS_TYPES_H 1
| #define HAVE_SYS_SOCKET_H 1
| #define HAVE_SYS_TIME_H 1
| #define HAVE_TIME_H 1
| #define HAVE_NETINET_IN_H 1
| #define HAVE_ARPA_INET_H 1
| #define HAVE_ERRNO_H 1
| #define HAVE_FCNTL_H 1
| #define HAVE_NETDB_H 1
| #define HAVE_SIGNAL_H 1
| #define HAVE_STDIO_H 1
| #define HAVE_STDLIB_H 1
| #define HAVE_STRING_H 1
| #define HAVE_SYS_STAT_H 1
| #define HAVE_SYS_UIO_H 1
| #define HAVE_UNISTD_H 1
| #define HAVE_SYS_WAIT_H 1
| #define HAVE_SYS_UN_H 1
| #define HAVE_SYS_SELECT_H 1
| #define HAVE_POLL_H 1
| #define HAVE_STRINGS_H 1
| #define HAVE_SYS_IOCTL_H 1
| #define HAVE_PTHREAD_H 1
| #define HAVE_SYS_SYSCTL_H 1
| #define HAVE_POLL_H 1
| /* end confdefs.h.  */
| #include <xti.h>
configure:3837: result: no
configure:3837: checking for xti.h
configure:3837: result: no
configure:3837: checking xti_inet.h usability
configure:3837: gcc -c -g -O2 -D_REENTRANT  conftest.c >&5
conftest.c:79:22: fatal error: xti_inet.h: No such file or directory
 #include <xti_inet.h>
                      ^
compilation terminated.
configure:3837: $? = 1
configure: failed program was:
| /* confdefs.h */
| #define PACKAGE_NAME ""
| #define PACKAGE_TARNAME ""
| #define PACKAGE_VERSION ""
| #define PACKAGE_STRING ""
| #define PACKAGE_BUGREPORT ""
| #define PACKAGE_URL ""
| #define CPU_VENDOR_OS "i686-pc-linux-gnu"
| #define HAVE_LIBPTHREAD 1
| #define STDC_HEADERS 1
| #define HAVE_SYS_TYPES_H 1
| #define HAVE_SYS_STAT_H 1
| #define HAVE_STDLIB_H 1
| #define HAVE_STRING_H 1
| #define HAVE_MEMORY_H 1
| #define HAVE_STRINGS_H 1
| #define HAVE_INTTYPES_H 1
| #define HAVE_STDINT_H 1
| #define HAVE_UNISTD_H 1
| #define HAVE_SYS_TYPES_H 1
| #define HAVE_SYS_SOCKET_H 1
| #define HAVE_SYS_TIME_H 1
| #define HAVE_TIME_H 1
| #define HAVE_NETINET_IN_H 1
| #define HAVE_ARPA_INET_H 1
| #define HAVE_ERRNO_H 1
| #define HAVE_FCNTL_H 1
| #define HAVE_NETDB_H 1
| #define HAVE_SIGNAL_H 1
| #define HAVE_STDIO_H 1
| #define HAVE_STDLIB_H 1
| #define HAVE_STRING_H 1
| #define HAVE_SYS_STAT_H 1
| #define HAVE_SYS_UIO_H 1
| #define HAVE_UNISTD_H 1
| #define HAVE_SYS_WAIT_H 1
| #define HAVE_SYS_UN_H 1
| #define HAVE_SYS_SELECT_H 1
| #define HAVE_POLL_H 1
| #define HAVE_STRINGS_H 1
| #define HAVE_SYS_IOCTL_H 1
| #define HAVE_PTHREAD_H 1
| #define HAVE_SYS_SYSCTL_H 1
| #define HAVE_POLL_H 1
| /* end confdefs.h.  */
| #include <stdio.h>
| #ifdef HAVE_SYS_TYPES_H
| # include <sys/types.h>
| #endif
| #ifdef HAVE_SYS_STAT_H
| # include <sys/stat.h>
| #endif
| #ifdef STDC_HEADERS
| # include <stdlib.h>
| # include <stddef.h>
| #else
| # ifdef HAVE_STDLIB_H
| #  include <stdlib.h>
| # endif
| #endif
| #ifdef HAVE_STRING_H
| # if !defined STDC_HEADERS && defined HAVE_MEMORY_H
| #  include <memory.h>
| # endif
| # include <string.h>
| #endif
| #ifdef HAVE_STRINGS_H
| # include <strings.h>
| #endif
| #ifdef HAVE_INTTYPES_H
| # include <inttypes.h>
| #endif
| #ifdef HAVE_STDINT_H
| # include <stdint.h>
| #endif
| #ifdef HAVE_UNISTD_H
| # include <unistd.h>
| #endif
| #include <xti_inet.h>
configure:3837: result: no
configure:3837: checking xti_inet.h presence
configure:3837: gcc -E  conftest.c
conftest.c:46:22: fatal error: xti_inet.h: No such file or directory
 #include <xti_inet.h>
                      ^
compilation terminated.
configure:3837: $? = 1
configure: failed program was:
| /* confdefs.h */
| #define PACKAGE_NAME ""
| #define PACKAGE_TARNAME ""
| #define PACKAGE_VERSION ""
| #define PACKAGE_STRING ""
| #define PACKAGE_BUGREPORT ""
| #define PACKAGE_URL ""
| #define CPU_VENDOR_OS "i686-pc-linux-gnu"
| #define HAVE_LIBPTHREAD 1
| #define STDC_HEADERS 1
| #define HAVE_SYS_TYPES_H 1
| #define HAVE_SYS_STAT_H 1
| #define HAVE_STDLIB_H 1
| #define HAVE_STRING_H 1
| #define HAVE_MEMORY_H 1
| #define HAVE_STRINGS_H 1
| #define HAVE_INTTYPES_H 1
| #define HAVE_STDINT_H 1
| #define HAVE_UNISTD_H 1
| #define HAVE_SYS_TYPES_H 1
| #define HAVE_SYS_SOCKET_H 1
| #define HAVE_SYS_TIME_H 1
| #define HAVE_TIME_H 1
| #define HAVE_NETINET_IN_H 1
| #define HAVE_ARPA_INET_H 1
| #define HAVE_ERRNO_H 1
| #define HAVE_FCNTL_H 1
| #define HAVE_NETDB_H 1
| #define HAVE_SIGNAL_H 1
| #define HAVE_STDIO_H 1
| #define HAVE_STDLIB_H 1
| #define HAVE_STRING_H 1
| #define HAVE_SYS_STAT_H 1
| #define HAVE_SYS_UIO_H 1
| #define HAVE_UNISTD_H 1
| #define HAVE_SYS_WAIT_H 1
| #define HAVE_SYS_UN_H 1
| #define HAVE_SYS_SELECT_H 1
| #define HAVE_POLL_H 1
| #define HAVE_STRINGS_H 1
| #define HAVE_SYS_IOCTL_H 1
| #define HAVE_PTHREAD_H 1
| #define HAVE_SYS_SYSCTL_H 1
| #define HAVE_POLL_H 1
| /* end confdefs.h.  */
| #include <xti_inet.h>
configure:3837: result: no
configure:3837: checking for xti_inet.h
configure:3837: result: no
configure:3837: checking netconfig.h usability
configure:3837: gcc -c -g -O2 -D_REENTRANT  conftest.c >&5
conftest.c:79:23: fatal error: netconfig.h: No such file or directory
 #include <netconfig.h>
                       ^
compilation terminated.
configure:3837: $? = 1
configure: failed program was:
| /* confdefs.h */
| #define PACKAGE_NAME ""
| #define PACKAGE_TARNAME ""
| #define PACKAGE_VERSION ""
| #define PACKAGE_STRING ""
| #define PACKAGE_BUGREPORT ""
| #define PACKAGE_URL ""
| #define CPU_VENDOR_OS "i686-pc-linux-gnu"
| #define HAVE_LIBPTHREAD 1
| #define STDC_HEADERS 1
| #define HAVE_SYS_TYPES_H 1
| #define HAVE_SYS_STAT_H 1
| #define HAVE_STDLIB_H 1
| #define HAVE_STRING_H 1
| #define HAVE_MEMORY_H 1
| #define HAVE_STRINGS_H 1
| #define HAVE_INTTYPES_H 1
| #define HAVE_STDINT_H 1
| #define HAVE_UNISTD_H 1
| #define HAVE_SYS_TYPES_H 1
| #define HAVE_SYS_SOCKET_H 1
| #define HAVE_SYS_TIME_H 1
| #define HAVE_TIME_H 1
| #define HAVE_NETINET_IN_H 1
| #define HAVE_ARPA_INET_H 1
| #define HAVE_ERRNO_H 1
| #define HAVE_FCNTL_H 1
| #define HAVE_NETDB_H 1
| #define HAVE_SIGNAL_H 1
| #define HAVE_STDIO_H 1
| #define HAVE_STDLIB_H 1
| #define HAVE_STRING_H 1
| #define HAVE_SYS_STAT_H 1
| #define HAVE_SYS_UIO_H 1
| #define HAVE_UNISTD_H 1
| #define HAVE_SYS_WAIT_H 1
| #define HAVE_SYS_UN_H 1
| #define HAVE_SYS_SELECT_H 1
| #define HAVE_POLL_H 1
| #define HAVE_STRINGS_H 1
| #define HAVE_SYS_IOCTL_H 1
| #define HAVE_PTHREAD_H 1
| #define HAVE_SYS_SYSCTL_H 1
| #define HAVE_POLL_H 1
| /* end confdefs.h.  */
| #include <stdio.h>
| #ifdef HAVE_SYS_TYPES_H
| # include <sys/types.h>
| #endif
| #ifdef HAVE_SYS_STAT_H
| # include <sys/stat.h>
| #endif
| #ifdef STDC_HEADERS
| # include <stdlib.h>
| # include <stddef.h>
| #else
| # ifdef HAVE_STDLIB_H
| #  include <stdlib.h>
| # endif
| #endif
| #ifdef HAVE_STRING_H
| # if !defined STDC_HEADERS && defined HAVE_MEMORY_H
| #  include <memory.h>
| # endif
| # include <string.h>
| #endif
| #ifdef HAVE_STRINGS_H
| # include <strings.h>
| #endif
| #ifdef HAVE_INTTYPES_H
| # include <inttypes.h>
| #endif
| #ifdef HAVE_STDINT_H
| # include <stdint.h>
| #endif
| #ifdef HAVE_UNISTD_H
| # include <unistd.h>
| #endif
| #include <netconfig.h>
configure:3837: result: no
configure:3837: checking netconfig.h presence
configure:3837: gcc -E  conftest.c
conftest.c:46:23: fatal error: netconfig.h: No such file or directory
 #include <netconfig.h>
                       ^
compilation terminated.
configure:3837: $? = 1
configure: failed program was:
| /* confdefs.h */
| #define PACKAGE_NAME ""
| #define PACKAGE_TARNAME ""
| #define PACKAGE_VERSION ""
| #define PACKAGE_STRING ""
| #define PACKAGE_BUGREPORT ""
| #define PACKAGE_URL ""
| #define CPU_VENDOR_OS "i686-pc-linux-gnu"
| #define HAVE_LIBPTHREAD 1
| #define STDC_HEADERS 1
| #define HAVE_SYS_TYPES_H 1
| #define HAVE_SYS_STAT_H 1
| #define HAVE_STDLIB_H 1
| #define HAVE_STRING_H 1
| #define HAVE_MEMORY_H 1
| #define HAVE_STRINGS_H 1
| #define HAVE_INTTYPES_H 1
| #define HAVE_STDINT_H 1
| #define HAVE_UNISTD_H 1
| #define HAVE_SYS_TYPES_H 1
| #define HAVE_SYS_SOCKET_H 1
| #define HAVE_SYS_TIME_H 1
| #define HAVE_TIME_H 1
| #define HAVE_NETINET_IN_H 1
| #define HAVE_ARPA_INET_H 1
| #define HAVE_ERRNO_H 1
| #define HAVE_FCNTL_H 1
| #define HAVE_NETDB_H 1
| #define HAVE_SIGNAL_H 1
| #define HAVE_STDIO_H 1
| #define HAVE_STDLIB_H 1
| #define HAVE_STRING_H 1
| #define HAVE_SYS_STAT_H 1
| #define HAVE_SYS_UIO_H 1
| #define HAVE_UNISTD_H 1
| #define HAVE_SYS_WAIT_H 1
| #define HAVE_SYS_UN_H 1
| #define HAVE_SYS_SELECT_H 1
| #define HAVE_POLL_H 1
| #define HAVE_STRINGS_H 1
| #define HAVE_SYS_IOCTL_H 1
| #define HAVE_PTHREAD_H 1
| #define HAVE_SYS_SYSCTL_H 1
| #define HAVE_POLL_H 1
| /* end confdefs.h.  */
| #include <netconfig.h>
configure:3837: result: no
configure:3837: checking for netconfig.h
configure:3837: result: no
configure:3837: checking netdir.h usability
configure:3837: gcc -c -g -O2 -D_REENTRANT  conftest.c >&5
conftest.c:79:20: fatal error: netdir.h: No such file or directory
 #include <netdir.h>
                    ^
compilation terminated.
configure:3837: $? = 1
configure: failed program was:
| /* confdefs.h */
| #define PACKAGE_NAME ""
| #define PACKAGE_TARNAME ""
| #define PACKAGE_VERSION ""
| #define PACKAGE_STRING ""
| #define PACKAGE_BUGREPORT ""
| #define PACKAGE_URL ""
| #define CPU_VENDOR_OS "i686-pc-linux-gnu"
| #define HAVE_LIBPTHREAD 1
| #define STDC_HEADERS 1
| #define HAVE_SYS_TYPES_H 1
| #define HAVE_SYS_STAT_H 1
| #define HAVE_STDLIB_H 1
| #define HAVE_STRING_H 1
| #define HAVE_MEMORY_H 1
| #define HAVE_STRINGS_H 1
| #define HAVE_INTTYPES_H 1
| #define HAVE_STDINT_H 1
| #define HAVE_UNISTD_H 1
| #define HAVE_SYS_TYPES_H 1
| #define HAVE_SYS_SOCKET_H 1
| #define HAVE_SYS_TIME_H 1
| #define HAVE_TIME_H 1
| #define HAVE_NETINET_IN_H 1
| #define HAVE_ARPA_INET_H 1
| #define HAVE_ERRNO_H 1
| #define HAVE_FCNTL_H 1
| #define HAVE_NETDB_H 1
| #define HAVE_SIGNAL_H 1
| #define HAVE_STDIO_H 1
| #define HAVE_STDLIB_H 1
| #define HAVE_STRING_H 1
| #define HAVE_SYS_STAT_H 1
| #define HAVE_SYS_UIO_H 1
| #define HAVE_UNISTD_H 1
| #define HAVE_SYS_WAIT_H 1
| #define HAVE_SYS_UN_H 1
| #define HAVE_SYS_SELECT_H 1
| #define HAVE_POLL_H 1
| #define HAVE_STRINGS_H 1
| #define HAVE_SYS_IOCTL_H 1
| #define HAVE_PTHREAD_H 1
| #define HAVE_SYS_SYSCTL_H 1
| #define HAVE_POLL_H 1
| /* end confdefs.h.  */
| #include <stdio.h>
| #ifdef HAVE_SYS_TYPES_H
| # include <sys/types.h>
| #endif
| #ifdef HAVE_SYS_STAT_H
| # include <sys/stat.h>
| #endif
| #ifdef STDC_HEADERS
| # include <stdlib.h>
| # include <stddef.h>
| #else
| # ifdef HAVE_STDLIB_H
| #  include <stdlib.h>
| # endif
| #endif
| #ifdef HAVE_STRING_H
| # if !defined STDC_HEADERS && defined HAVE_MEMORY_H
| #  include <memory.h>
| # endif
| # include <string.h>
| #endif
| #ifdef HAVE_STRINGS_H
| # include <strings.h>
| #endif
| #ifdef HAVE_INTTYPES_H
| # include <inttypes.h>
| #endif
| #ifdef HAVE_STDINT_H
| # include <stdint.h>
| #endif
| #ifdef HAVE_UNISTD_H
| # include <unistd.h>
| #endif
| #include <netdir.h>
configure:3837: result: no
configure:3837: checking netdir.h presence
configure:3837: gcc -E  conftest.c
conftest.c:46:20: fatal error: netdir.h: No such file or directory
 #include <netdir.h>
                    ^
compilation terminated.
configure:3837: $? = 1
configure: failed program was:
| /* confdefs.h */
| #define PACKAGE_NAME ""
| #define PACKAGE_TARNAME ""
| #define PACKAGE_VERSION ""
| #define PACKAGE_STRING ""
| #define PACKAGE_BUGREPORT ""
| #define PACKAGE_URL ""
| #define CPU_VENDOR_OS "i686-pc-linux-gnu"
| #define HAVE_LIBPTHREAD 1
| #define STDC_HEADERS 1
| #define HAVE_SYS_TYPES_H 1
| #define HAVE_SYS_STAT_H 1
| #define HAVE_STDLIB_H 1
| #define HAVE_STRING_H 1
| #define HAVE_MEMORY_H 1
| #define HAVE_STRINGS_H 1
| #define HAVE_INTTYPES_H 1
| #define HAVE_STDINT_H 1
| #define HAVE_UNISTD_H 1
| #define HAVE_SYS_TYPES_H 1
| #define HAVE_SYS_SOCKET_H 1
| #define HAVE_SYS_TIME_H 1
| #define HAVE_TIME_H 1
| #define HAVE_NETINET_IN_H 1
| #define HAVE_ARPA_INET_H 1
| #define HAVE_ERRNO_H 1
| #define HAVE_FCNTL_H 1
| #define HAVE_NETDB_H 1
| #define HAVE_SIGNAL_H 1
| #define HAVE_STDIO_H 1
| #define HAVE_STDLIB_H 1
| #define HAVE_STRING_H 1
| #define HAVE_SYS_STAT_H 1
| #define HAVE_SYS_UIO_H 1
| #define HAVE_UNISTD_H 1
| #define HAVE_SYS_WAIT_H 1
| #define HAVE_SYS_UN_H 1
| #define HAVE_SYS_SELECT_H 1
| #define HAVE_POLL_H 1
| #define HAVE_STRINGS_H 1
| #define HAVE_SYS_IOCTL_H 1
| #define HAVE_PTHREAD_H 1
| #define HAVE_SYS_SYSCTL_H 1
| #define HAVE_POLL_H 1
| /* end confdefs.h.  */
| #include <netdir.h>
configure:3837: result: no
configure:3837: checking for netdir.h
configure:3837: result: no
configure:3837: checking stropts.h usability
configure:3837: gcc -c -g -O2 -D_REENTRANT  conftest.c >&5
configure:3837: $? = 0
configure:3837: result: yes
configure:3837: checking stropts.h presence
configure:3837: gcc -E  conftest.c
configure:3837: $? = 0
configure:3837: result: yes
configure:3837: checking for stropts.h
configure:3837: result: yes
configure:3848: checking whether time.h and sys/time.h may both be included
configure:3868: gcc -c -g -O2 -D_REENTRANT  conftest.c >&5
configure:3868: $? = 0
configure:3875: result: yes
configure:3883: checking if uint8_t defined
configure:3969: gcc -c -g -O2 -D_REENTRANT  conftest.c >&5
configure:3969: $? = 0
configure:3977: result: yes
configure:3984: checking if int16_t defined
configure:4070: gcc -c -g -O2 -D_REENTRANT  conftest.c >&5
configure:4070: $? = 0
configure:4078: result: yes
configure:4085: checking if uint16_t defined
configure:4171: gcc -c -g -O2 -D_REENTRANT  conftest.c >&5
configure:4171: $? = 0
configure:4179: result: yes
configure:4186: checking if int32_t defined
configure:4272: gcc -c -g -O2 -D_REENTRANT  conftest.c >&5
configure:4272: $? = 0
configure:4280: result: yes
configure:4287: checking if uint32_t defined
configure:4373: gcc -c -g -O2 -D_REENTRANT  conftest.c >&5
configure:4373: $? = 0
configure:4381: result: yes
configure:4388: checking if size_t defined
configure:4474: gcc -c -g -O2 -D_REENTRANT  conftest.c >&5
configure:4474: $? = 0
configure:4482: result: yes
configure:4489: checking if ssize_t defined
configure:4575: gcc -c -g -O2 -D_REENTRANT  conftest.c >&5
configure:4575: $? = 0
configure:4583: result: yes
configure:4590: checking if socklen_t defined
configure:4676: gcc -c -g -O2 -D_REENTRANT  conftest.c >&5
configure:4676: $? = 0
configure:4684: result: yes
configure:4691: checking if sa_family_t defined
configure:4777: gcc -c -g -O2 -D_REENTRANT  conftest.c >&5
configure:4777: $? = 0
configure:4785: result: yes
configure:4793: checking if t_scalar_t defined
configure:4894: gcc -c -g -O2 -D_REENTRANT  conftest.c >&5
configure:4894: $? = 0
configure:4902: result: yes
configure:4909: checking if t_uscalar_t defined
configure:5010: gcc -c -g -O2 -D_REENTRANT  conftest.c >&5
configure:5010: $? = 0
configure:5018: result: yes
configure:5026: checking if sockaddr{} has sa_len member
configure:5044: gcc -c -g -O2 -D_REENTRANT  conftest.c >&5
conftest.c: In function 'main':
conftest.c:54:47: error: 'struct sockaddr' has no member named 'sa_len'
 unsigned int i = sizeof(((struct sockaddr *)0)->sa_len)
                                               ^
configure:5044: $? = 1
configure: failed program was:
| /* confdefs.h */
| #define PACKAGE_NAME ""
| #define PACKAGE_TARNAME ""
| #define PACKAGE_VERSION ""
| #define PACKAGE_STRING ""
| #define PACKAGE_BUGREPORT ""
| #define PACKAGE_URL ""
| #define CPU_VENDOR_OS "i686-pc-linux-gnu"
| #define HAVE_LIBPTHREAD 1
| #define STDC_HEADERS 1
| #define HAVE_SYS_TYPES_H 1
| #define HAVE_SYS_STAT_H 1
| #define HAVE_STDLIB_H 1
| #define HAVE_STRING_H 1
| #define HAVE_MEMORY_H 1
| #define HAVE_STRINGS_H 1
| #define HAVE_INTTYPES_H 1
| #define HAVE_STDINT_H 1
| #define HAVE_UNISTD_H 1
| #define HAVE_SYS_TYPES_H 1
| #define HAVE_SYS_SOCKET_H 1
| #define HAVE_SYS_TIME_H 1
| #define HAVE_TIME_H 1
| #define HAVE_NETINET_IN_H 1
| #define HAVE_ARPA_INET_H 1
| #define HAVE_ERRNO_H 1
| #define HAVE_FCNTL_H 1
| #define HAVE_NETDB_H 1
| #define HAVE_SIGNAL_H 1
| #define HAVE_STDIO_H 1
| #define HAVE_STDLIB_H 1
| #define HAVE_STRING_H 1
| #define HAVE_SYS_STAT_H 1
| #define HAVE_SYS_UIO_H 1
| #define HAVE_UNISTD_H 1
| #define HAVE_SYS_WAIT_H 1
| #define HAVE_SYS_UN_H 1
| #define HAVE_SYS_SELECT_H 1
| #define HAVE_POLL_H 1
| #define HAVE_STRINGS_H 1
| #define HAVE_SYS_IOCTL_H 1
| #define HAVE_PTHREAD_H 1
| #define HAVE_SYS_SYSCTL_H 1
| #define HAVE_POLL_H 1
| #define HAVE_STROPTS_H 1
| #define TIME_WITH_SYS_TIME 1
| /* end confdefs.h.  */
| 
| #		include <sys/types.h>
| #		include <sys/socket.h>
| int
| main ()
| {
| unsigned int i = sizeof(((struct sockaddr *)0)->sa_len)
|   ;
|   return 0;
| }
configure:5051: result: no
configure:5068: checking if msghdr{} has msg_control member
configure:5086: gcc -c -g -O2 -D_REENTRANT  conftest.c >&5
configure:5086: $? = 0
configure:5093: result: yes
configure:5100: checking for getaddrinfo function prototype in netdb.h
configure:5119: result: yes
configure:5129: checking for getnameinfo function prototype in netdb.h
configure:5148: result: yes
configure:5158: checking for gethostname function prototype in unistd.h
configure:5177: result: yes
configure:5187: checking for getrusage function prototype in sys/resource.h
configure:5206: result: yes
configure:5216: checking for hstrerror function prototype in netdb.h
configure:5235: result: yes
configure:5245: checking for if_nametoindex function prototype in net/if.h
configure:5264: result: yes
configure:5274: checking for inet_aton function prototype in arpa/inet.h
configure:5293: result: yes
configure:5303: checking for inet_pton function prototype in arpa/inet.h
configure:5322: result: yes
configure:5332: checking for isfdtype function prototype in sys/stat.h
configure:5351: result: no
configure:5361: checking for pselect function prototype in sys/select.h
configure:5380: result: yes
configure:5390: checking for snprintf function prototype in stdio.h
configure:5409: result: yes
configure:5419: checking for sockatmark function prototype in sys/socket.h
configure:5438: result: yes
configure:5449: checking for addrinfo{}
configure:5468: result: yes
configure:5475: checking for if_nameindex{}
configure:5494: result: yes
configure:5501: checking for sockaddr_dl{}
conftest.c:62:23: fatal error: net/if_dl.h: No such file or directory
 #include <net/if_dl.h>
                       ^
compilation terminated.
configure:5520: result: no
configure:5527: checking for timespec{}
configure:5546: result: yes
configure:5553: checking for /dev/tcp
configure:5561: result: no
configure:5564: checking for /dev/xti/tcp
configure:5572: result: no
configure:5575: checking for /dev/streams/xtiso/tcp
configure:5583: result: no
configure:5591: checking for bzero
configure:5591: gcc -o conftest -g -O2 -D_REENTRANT   conftest.c -lpthread  >&5
conftest.c:86:6: warning: conflicting types for built-in function 'bzero' [enabled by default]
 char bzero ();
      ^
configure:5591: $? = 0
configure:5591: result: yes
configure:5602: checking for getaddrinfo
configure:5602: gcc -o conftest -g -O2 -D_REENTRANT   conftest.c -lpthread  >&5
configure:5602: $? = 0
configure:5602: result: yes
configure:5613: checking for gethostname
configure:5613: gcc -o conftest -g -O2 -D_REENTRANT   conftest.c -lpthread  >&5
configure:5613: $? = 0
configure:5613: result: yes
configure:5624: checking for gethostbyname2
configure:5624: gcc -o conftest -g -O2 -D_REENTRANT   conftest.c -lpthread  >&5
configure:5624: $? = 0
configure:5624: result: yes
configure:5635: checking for gethostbyname_r
configure:5635: gcc -o conftest -g -O2 -D_REENTRANT   conftest.c -lpthread  >&5
configure:5635: $? = 0
configure:5635: result: yes
configure:5646: checking for getnameinfo
configure:5646: gcc -o conftest -g -O2 -D_REENTRANT   conftest.c -lpthread  >&5
configure:5646: $? = 0
configure:5646: result: yes
configure:5657: checking for hstrerror
configure:5657: gcc -o conftest -g -O2 -D_REENTRANT   conftest.c -lpthread  >&5
configure:5657: $? = 0
configure:5657: result: yes
configure:5668: checking for if_nametoindex
configure:5668: gcc -o conftest -g -O2 -D_REENTRANT   conftest.c -lpthread  >&5
configure:5668: $? = 0
configure:5668: result: yes
configure:5679: checking for inet_aton
configure:5679: gcc -o conftest -g -O2 -D_REENTRANT   conftest.c -lpthread  >&5
configure:5679: $? = 0
configure:5679: result: yes
configure:5690: checking for inet_pton
configure:5690: gcc -o conftest -g -O2 -D_REENTRANT   conftest.c -lpthread  >&5
configure:5690: $? = 0
configure:5690: result: yes
configure:5701: checking for isfdtype
configure:5701: gcc -o conftest -g -O2 -D_REENTRANT   conftest.c -lpthread  >&5
configure:5701: $? = 0
configure:5701: result: yes
configure:5712: checking for poll
configure:5712: gcc -o conftest -g -O2 -D_REENTRANT   conftest.c -lpthread  >&5
configure:5712: $? = 0
configure:5712: result: yes
configure:5723: checking for pselect
configure:5723: gcc -o conftest -g -O2 -D_REENTRANT   conftest.c -lpthread  >&5
configure:5723: $? = 0
configure:5723: result: yes
configure:5734: checking for snprintf
configure:5734: gcc -o conftest -g -O2 -D_REENTRANT   conftest.c -lpthread  >&5
conftest.c:99:6: warning: conflicting types for built-in function 'snprintf' [enabled by default]
 char snprintf ();
      ^
configure:5734: $? = 0
configure:5734: result: yes
configure:5745: checking for sockatmark
configure:5745: gcc -o conftest -g -O2 -D_REENTRANT   conftest.c -lpthread  >&5
configure:5745: $? = 0
configure:5745: result: yes
configure:5756: checking for vsnprintf
configure:5756: gcc -o conftest -g -O2 -D_REENTRANT   conftest.c -lpthread  >&5
conftest.c:101:6: warning: conflicting types for built-in function 'vsnprintf' [enabled by default]
 char vsnprintf ();
      ^
configure:5756: $? = 0
configure:5756: result: yes
configure:5767: checking for IPv4 support
configure:5792: gcc -o conftest -g -O2 -D_REENTRANT   conftest.c -lpthread  >&5
conftest.c: In function 'main':
conftest.c:91:3: warning: incompatible implicit declaration of built-in function 'exit' [enabled by default]
   exit(fd >= 0 ? 0 : 1);
   ^
configure:5792: $? = 0
configure:5792: ./conftest
configure:5792: $? = 0
configure:5803: result: yes
configure:5812: checking for IPv6 support
configure:5837: gcc -o conftest -g -O2 -D_REENTRANT   conftest.c -lpthread  >&5
conftest.c: In function 'main':
conftest.c:93:3: warning: incompatible implicit declaration of built-in function 'exit' [enabled by default]
   exit(fd >= 0 ? 0 : 1);
   ^
configure:5837: $? = 0
configure:5837: ./conftest
configure:5837: $? = 0
configure:5848: result: yes
configure:5857: checking for Unix domain sockets
configure:5882: gcc -o conftest -g -O2 -D_REENTRANT   conftest.c -lpthread  >&5
conftest.c: In function 'main':
conftest.c:95:3: warning: incompatible implicit declaration of built-in function 'exit' [enabled by default]
   exit(fd >= 0 ? 0 : 1);
   ^
configure:5882: $? = 0
configure:5882: ./conftest
configure:5882: $? = 0
configure:5893: result: yes
configure:5902: checking for multicast support
configure:5930: gcc -o conftest -g -O2 -D_REENTRANT   conftest.c -lpthread  >&5
conftest.c: In function 'main':
conftest.c:96:15: warning: incompatible implicit declaration of built-in function 'exit' [enabled by default]
   if (fd < 0) exit(1);
               ^
configure:5930: $? = 0
configure:5930: ./conftest
configure:5930: $? = 0
configure:5941: result: yes
configure:6087: checking for -I/root/doc/unp2ev1/src/include
configure:6094: result: no
configure:6229: creating ./config.status

## ---------------------- ##
## Running config.status. ##
## ---------------------- ##

This file was extended by config.status, which was
generated by GNU Autoconf 2.69.  Invocation command line was

  CONFIG_FILES    = 
  CONFIG_HEADERS  = 
  CONFIG_LINKS    = 
  CONFIG_COMMANDS = 
  $ ./config.status 

on ubuntu

config.status:888: creating Makefile
config.status:888: creating Make.defines
config.status:888: creating config.h

## ---------------- ##
## Cache variables. ##
## ---------------- ##

ac_cv_build=i686-pc-linux-gnu
ac_cv_c_compiler_gnu=yes
ac_cv_env_CC_set=
ac_cv_env_CC_value=
ac_cv_env_CFLAGS_set=
ac_cv_env_CFLAGS_value=
ac_cv_env_CPPFLAGS_set=
ac_cv_env_CPPFLAGS_value=
ac_cv_env_CPP_set=
ac_cv_env_CPP_value=
ac_cv_env_LDFLAGS_set=
ac_cv_env_LDFLAGS_value=
ac_cv_env_LIBS_set=
ac_cv_env_LIBS_value=
ac_cv_env_build_alias_set=
ac_cv_env_build_alias_value=
ac_cv_env_host_alias_set=
ac_cv_env_host_alias_value=
ac_cv_env_target_alias_set=
ac_cv_env_target_alias_value=
ac_cv_func_bzero=yes
ac_cv_func_getaddrinfo=yes
ac_cv_func_gethostbyname2=yes
ac_cv_func_gethostbyname_r=yes
ac_cv_func_gethostname=yes
ac_cv_func_getnameinfo=yes
ac_cv_func_hstrerror=yes
ac_cv_func_if_nametoindex=yes
ac_cv_func_inet_aton=yes
ac_cv_func_inet_pton=yes
ac_cv_func_isfdtype=yes
ac_cv_func_poll=yes
ac_cv_func_pselect=yes
ac_cv_func_snprintf=yes
ac_cv_func_sockatmark=yes
ac_cv_func_vsnprintf=yes
ac_cv_have_addrinfo_struct=yes
ac_cv_have_getaddrinfo_proto=yes
ac_cv_have_gethostname_proto=yes
ac_cv_have_getnameinfo_proto=yes
ac_cv_have_getrusage_proto=yes
ac_cv_have_hstrerror_proto=yes
ac_cv_have_if_nameindex_struct=yes
ac_cv_have_if_nametoindex_proto=yes
ac_cv_have_inet_aton_proto=yes
ac_cv_have_inet_pton_proto=yes
ac_cv_have_isfdtype_proto=no
ac_cv_have_pselect_proto=yes
ac_cv_have_snprintf_proto=yes
ac_cv_have_sockaddr_dl_struct=no
ac_cv_have_sockatmark_proto=yes
ac_cv_have_timespec_struct=yes
ac_cv_header_arpa_inet_h=yes
ac_cv_header_errno_h=yes
ac_cv_header_fcntl_h=yes
ac_cv_header_inttypes_h=yes
ac_cv_header_memory_h=yes
ac_cv_header_netconfig_h=no
ac_cv_header_netdb_h=yes
ac_cv_header_netdir_h=no
ac_cv_header_netinet_in_h=yes
ac_cv_header_poll_h=yes
ac_cv_header_pthread_h=yes
ac_cv_header_signal_h=yes
ac_cv_header_stdc=yes
ac_cv_header_stdint_h=yes
ac_cv_header_stdio_h=yes
ac_cv_header_stdlib_h=yes
ac_cv_header_string_h=yes
ac_cv_header_strings_h=yes
ac_cv_header_stropts_h=yes
ac_cv_header_sys_filio_h=no
ac_cv_header_sys_ioctl_h=yes
ac_cv_header_sys_select_h=yes
ac_cv_header_sys_socket_h=yes
ac_cv_header_sys_sockio_h=no
ac_cv_header_sys_stat_h=yes
ac_cv_header_sys_sysctl_h=yes
ac_cv_header_sys_time_h=yes
ac_cv_header_sys_types_h=yes
ac_cv_header_sys_uio_h=yes
ac_cv_header_sys_un_h=yes
ac_cv_header_sys_wait_h=yes
ac_cv_header_time=yes
ac_cv_header_time_h=yes
ac_cv_header_unistd_h=yes
ac_cv_header_xti_h=no
ac_cv_header_xti_inet_h=no
ac_cv_host=i686-pc-linux-gnu
ac_cv_ipv4=yes
ac_cv_ipv6=yes
ac_cv_lib_nsl_t_open=no
ac_cv_lib_pthread_pthread_create=yes
ac_cv_lib_resolv_res_init=no
ac_cv_lib_socket_socket=no
ac_cv_lib_xti_t_open=no
ac_cv_msghdr_has_msg_control=yes
ac_cv_multicast=yes
ac_cv_objext=o
ac_cv_path_EGREP='/bin/grep -E'
ac_cv_path_GREP=/bin/grep
ac_cv_prog_CPP='gcc -E'
ac_cv_prog_ac_ct_CC=gcc
ac_cv_prog_ac_ct_RANLIB=ranlib
ac_cv_prog_cc_c89=
ac_cv_prog_cc_g=yes
ac_cv_sockaddr_has_sa_len=no
ac_cv_type_int16_t=yes
ac_cv_type_int32_t=yes
ac_cv_type_sa_family_t=yes
ac_cv_type_size_t=yes
ac_cv_type_socklen_t=yes
ac_cv_type_ssize_t=yes
ac_cv_type_t_scalar_t=yes
ac_cv_type_t_uscalar_t=yes
ac_cv_type_uint16_t=yes
ac_cv_type_uint32_t=yes
ac_cv_type_uint8_t=yes
ac_cv_unixdomain=yes

## ----------------- ##
## Output variables. ##
## ----------------- ##

CC='gcc'
CFLAGS='-g -O2 -D_REENTRANT -Wall'
CPP='gcc -E'
CPPFLAGS=''
DEFS='-DHAVE_CONFIG_H'
ECHO_C=''
ECHO_N='-n'
ECHO_T=''
EGREP='/bin/grep -E'
EXEEXT=''
GREP='/bin/grep'
LDFLAGS=''
LIBFREE_OBJS=' in_cksum.o inet_ntop.o inet_pton.o'
LIBGAI_OBJS=' ga_aistruct.o ga_clone.o ga_echeck.o ga_nsearch.o ga_port.o ga_serv.o ga_unix.o gn_ipv46.o'
LIBOBJS=''
LIBROUTE_OBJS='get_rtaddrs.o if_indextoname.o if_nameindex.o if_nametoindex.o net_rt_iflist.o net_rt_dump.o sock_masktop.o'
LIBS='-lpthread'
LIBS_XTI='-lpthread'
LIBUNP='../libunp.a'
LIBUNPXTI='../libunpxti.a'
LIBUNPXTI_NAME='../libunpxti.a'
LIBUNP_NAME='../libunp.a'
LIBXTI_OBJS=' wrapxti.o xti_accept.o xti_flags_str.o xti_getopt.o xti_ntop.o xti_ntop_host.o xti_rdwr.o xti_setopt.o xti_str_opts.o xti_tlook_str.o'
LIB_OBJS=' connect_nonb.o connect_timeo.o daemon_inetd.o daemon_init.o dg_cli.o dg_echo.o error.o get_ifi_info.o gf_time.o host_serv.o mcast_leave.o mcast_join.o mcast_get_if.o mcast_get_loop.o mcast_get_ttl.o mcast_set_if.o mcast_set_loop.o mcast_set_ttl.o my_addrs.o read_fd.o readline.o readn.o readable_timeo.o rtt.o signal.o signal_intr.o sock_bind_wild.o sock_cmp_addr.o sock_cmp_port.o sock_ntop.o sock_ntop_host.o sock_get_port.o sock_set_addr.o sock_set_port.o sock_set_wild.o sockfd_to_family.o str_cli.o str_echo.o tcp_connect.o tcp_listen.o tv_sub.o udp_client.o udp_connect.o udp_server.o wraplib.o wrapsock.o wrapstdio.o wrappthread.o wrapunix.o write_fd.o writen.o writable_timeo.o'
LTLIBOBJS=''
OBJEXT='o'
PACKAGE_BUGREPORT=''
PACKAGE_NAME=''
PACKAGE_STRING=''
PACKAGE_TARNAME=''
PACKAGE_URL=''
PACKAGE_VERSION=''
PATH_SEPARATOR=':'
RANLIB='ranlib'
SHELL='/bin/bash'
ac_ct_CC='gcc'
bindir='${exec_prefix}/bin'
build='i686-pc-linux-gnu'
build_alias=''
build_cpu='i686'
build_os='linux-gnu'
build_vendor='pc'
datadir='${datarootdir}'
datarootdir='${prefix}/share'
docdir='${datarootdir}/doc/${PACKAGE}'
dvidir='${docdir}'
exec_prefix='${prefix}'
host='i686-pc-linux-gnu'
host_alias=''
host_cpu='i686'
host_os='linux-gnu'
host_vendor='pc'
htmldir='${docdir}'
includedir='${prefix}/include'
infodir='${datarootdir}/info'
libdir='${exec_prefix}/lib'
libexecdir='${exec_prefix}/libexec'
localedir='${datarootdir}/locale'
localstatedir='${prefix}/var'
mandir='${datarootdir}/man'
oldincludedir='/usr/include'
pdfdir='${docdir}'
prefix='/usr/local'
program_transform_name='s,x,x,'
psdir='${docdir}'
sbindir='${exec_prefix}/sbin'
sharedstatedir='${prefix}/com'
sysconfdir='${prefix}/etc'
target_alias=''

## ----------- ##
## confdefs.h. ##
## ----------- ##

/* confdefs.h */
#define PACKAGE_NAME ""
#define PACKAGE_TARNAME ""
#define PACKAGE_VERSION ""
#define PACKAGE_STRING ""
#define PACKAGE_BUGREPORT ""
#define PACKAGE_URL ""
#define CPU_VENDOR_OS "i686-pc-linux-gnu"
#define HAVE_LIBPTHREAD 1
#define STDC_HEADERS 1
#define HAVE_SYS_TYPES_H 1
#define HAVE_SYS_STAT_H 1
#define HAVE_STDLIB_H 1
#define HAVE_STRING_H 1
#define HAVE_MEMORY_H 1
#define HAVE_STRINGS_H 1
#define HAVE_INTTYPES_H 1
#define HAVE_STDINT_H 1
#define HAVE_UNISTD_H 1
#define HAVE_SYS_TYPES_H 1
#define HAVE_SYS_SOCKET_H 1
#define HAVE_SYS_TIME_H 1
#define HAVE_TIME_H 1
#define HAVE_NETINET_IN_H 1
#define HAVE_ARPA_INET_H 1
#define HAVE_ERRNO_H 1
#define HAVE_FCNTL_H 1
#define HAVE_NETDB_H 1
#define HAVE_SIGNAL_H 1
#define HAVE_STDIO_H 1
#define HAVE_STDLIB_H 1
#define HAVE_STRING_H 1
#define HAVE_SYS_STAT_H 1
#define HAVE_SYS_UIO_H 1
#define HAVE_UNISTD_H 1
#define HAVE_SYS_WAIT_H 1
#define HAVE_SYS_UN_H 1
#define HAVE_SYS_SELECT_H 1
#define HAVE_POLL_H 1
#define HAVE_STRINGS_H 1
#define HAVE_SYS_IOCTL_H 1
#define HAVE_PTHREAD_H 1
#define HAVE_SYS_SYSCTL_H 1
#define HAVE_POLL_H 1
#define HAVE_STROPTS_H 1
#define TIME_WITH_SYS_TIME 1
#define HAVE_MSGHDR_MSG_CONTROL 1
#define HAVE_GETADDRINFO_PROTO 1
#define HAVE_GETNAMEINFO_PROTO 1
#define HAVE_GETHOSTNAME_PROTO 1
#define HAVE_GETRUSAGE_PROTO 1
#define HAVE_HSTRERROR_PROTO 1
#define HAVE_IF_NAMETOINDEX_PROTO 1
#define HAVE_INET_ATON_PROTO 1
#define HAVE_INET_PTON_PROTO 1
#define HAVE_PSELECT_PROTO 1
#define HAVE_SNPRINTF_PROTO 1
#define HAVE_SOCKATMARK_PROTO 1
#define HAVE_ADDRINFO_STRUCT 1
#define HAVE_IF_NAMEINDEX_STRUCT 1
#define HAVE_TIMESPEC_STRUCT 1
#define HAVE_BZERO 1
#define HAVE_GETADDRINFO 1
#define HAVE_GETHOSTNAME 1
#define HAVE_GETHOSTBYNAME2 1
#define HAVE_GETHOSTBYNAME_R 1
#define HAVE_GETNAMEINFO 1
#define HAVE_HSTRERROR 1
#define HAVE_IF_NAMETOINDEX 1
#define HAVE_INET_ATON 1
#define HAVE_INET_PTON 1
#define HAVE_ISFDTYPE 1
#define HAVE_POLL 1
#define HAVE_PSELECT 1
#define HAVE_SNPRINTF 1
#define HAVE_SOCKATMARK 1
#define HAVE_VSNPRINTF 1
#define IPV4 1
#define IPv4 1
#define IPV6 1
#define IPv6 1
#define UNIXDOMAIN 1
#define UNIXdomain 1
#define MCAST 1

configure: exit 0
